app/delivery-android/app/build/intermediates/manifest_merge_blame_file/debug/processDebugMainManifest/manifest-merger-blame-debug-report.txt
1<?xml version="1.0" encoding="utf-8"?>
2<manifest xmlns:android="http://schemas.android.com/apk/res/android"
3    package="com.neyokart.delivery"
4    android:versionCode="1"
5    android:versionName="1.0" >
6
7    <uses-sdk
8        android:minSdkVersion="24"
9        android:targetSdkVersion="36" />
10
11    <!-- Permissions -->
12
13    <uses-permission android:name="android.permission.INTERNET" />
13-->src/main/AndroidManifest.xml:41:5-67
13-->src/main/AndroidManifest.xml:41:22-64
14    <uses-permission android:name="android.permission.ACCESS_COARSE_LOCATION" />
14-->src/main/AndroidManifest.xml:42:5-81
14-->src/main/AndroidManifest.xml:42:22-78
15    <uses-permission android:name="android.permission.ACCESS_FINE_LOCATION" />
15-->src/main/AndroidManifest.xml:43:5-79
15-->src/main/AndroidManifest.xml:43:22-76
16
17    <uses-feature android:name="android.hardware.location.gps" />
17-->src/main/AndroidManifest.xml:44:5-66
17-->src/main/AndroidManifest.xml:44:19-63
18
19    <uses-permission android:name="android.permission.ACCESS_NETWORK_STATE" />
19-->[io.ionic.libs:iongeolocation-android:2.2.0] AndroidManifest.xml:7:5-79
19-->[io.ionic.libs:iongeolocation-android:2.2.0] AndroidManifest.xml:7:22-76
20
21    <permission
21-->[androidx.core:core:1.17.0] AndroidManifest.xml:22:5-24:47
22        android:name="com.neyokart.delivery.DYNAMIC_RECEIVER_NOT_EXPORTED_PERMISSION"
22-->[androidx.core:core:1.17.0] AndroidManifest.xml:23:9-81
23        android:protectionLevel="signature" />
23-->[androidx.core:core:1.17.0] AndroidManifest.xml:24:9-44
24
25    <uses-permission android:name="com.neyokart.delivery.DYNAMIC_RECEIVER_NOT_EXPORTED_PERMISSION" />
25-->[androidx.core:core:1.17.0] AndroidManifest.xml:26:5-97
25-->[androidx.core:core:1.17.0] AndroidManifest.xml:26:22-94
26
27    <application
27-->src/main/AndroidManifest.xml:4:5-37:19
28        android:allowBackup="true"
28-->src/main/AndroidManifest.xml:5:9-35
29        android:appComponentFactory="androidx.core.app.CoreComponentFactory"
29-->[androidx.core:core:1.17.0] AndroidManifest.xml:28:18-86
30        android:debuggable="true"
31        android:extractNativeLibs="false"
32        android:icon="@mipmap/ic_launcher"
32-->src/main/AndroidManifest.xml:6:9-43
33        android:label="@string/app_name"
33-->src/main/AndroidManifest.xml:7:9-41
34        android:roundIcon="@mipmap/ic_launcher_round"
34-->src/main/AndroidManifest.xml:8:9-54
35        android:supportsRtl="true"
35-->src/main/AndroidManifest.xml:9:9-35
36        android:testOnly="true"
37        android:theme="@style/AppTheme"
37-->src/main/AndroidManifest.xml:11:9-40
38        android:usesCleartextTraffic="true" >
38-->src/main/AndroidManifest.xml:10:9-44
39        <activity
39-->src/main/AndroidManifest.xml:13:9-26:20
40            android:name="com.neyokart.delivery.MainActivity"
40-->src/main/AndroidManifest.xml:15:13-41
41            android:configChanges="orientation|keyboardHidden|keyboard|screenSize|locale|smallestScreenSize|screenLayout|uiMode|navigation|density"
41-->src/main/AndroidManifest.xml:14:13-148
42            android:exported="true"
42-->src/main/AndroidManifest.xml:19:13-36
43            android:label="@string/title_activity_main"
43-->src/main/AndroidManifest.xml:16:13-56
44            android:launchMode="singleTask"
44-->src/main/AndroidManifest.xml:18:13-44
45            android:theme="@style/AppTheme.NoActionBarLaunch" >
45-->src/main/AndroidManifest.xml:17:13-62
46            <intent-filter>
46-->src/main/AndroidManifest.xml:21:13-24:29
47                <action android:name="android.intent.action.MAIN" />
47-->src/main/AndroidManifest.xml:22:17-69
47-->src/main/AndroidManifest.xml:22:25-66
48
49                <category android:name="android.intent.category.LAUNCHER" />
49-->src/main/AndroidManifest.xml:23:17-77
49-->src/main/AndroidManifest.xml:23:27-74
50            </intent-filter>
51        </activity>
52
53        <provider
54            android:name="androidx.core.content.FileProvider"
54-->src/main/AndroidManifest.xml:29:13-62
55            android:authorities="com.neyokart.delivery.fileprovider"
55-->src/main/AndroidManifest.xml:30:13-64
56            android:exported="false"
56-->src/main/AndroidManifest.xml:31:13-37
57            android:grantUriPermissions="true" >
57-->src/main/AndroidManifest.xml:32:13-47
58            <meta-data
58-->src/main/AndroidManifest.xml:33:13-35:64
59                android:name="android.support.FILE_PROVIDER_PATHS"
59-->src/main/AndroidManifest.xml:34:17-67
60                android:resource="@xml/file_paths" />
60-->src/main/AndroidManifest.xml:35:17-51
61        </provider>
62
63        <activity
63-->[com.google.android.gms:play-services-base:18.5.0] AndroidManifest.xml:5:9-173
64            android:name="com.google.android.gms.common.api.GoogleApiActivity"
64-->[com.google.android.gms:play-services-base:18.5.0] AndroidManifest.xml:5:19-85
65            android:exported="false"
65-->[com.google.android.gms:play-services-base:18.5.0] AndroidManifest.xml:5:146-170
66            android:theme="@android:style/Theme.Translucent.NoTitleBar" />
66-->[com.google.android.gms:play-services-base:18.5.0] AndroidManifest.xml:5:86-145
67
68        <provider
68-->[androidx.emoji2:emoji2:1.3.0] AndroidManifest.xml:24:9-32:20
69            android:name="androidx.startup.InitializationProvider"
69-->[androidx.emoji2:emoji2:1.3.0] AndroidManifest.xml:25:13-67
70            android:authorities="com.neyokart.delivery.androidx-startup"
70-->[androidx.emoji2:emoji2:1.3.0] AndroidManifest.xml:26:13-68
71            android:exported="false" >
71-->[androidx.emoji2:emoji2:1.3.0] AndroidManifest.xml:27:13-37
72            <meta-data
72-->[androidx.emoji2:emoji2:1.3.0] AndroidManifest.xml:29:13-31:52
73                android:name="androidx.emoji2.text.EmojiCompatInitializer"
73-->[androidx.emoji2:emoji2:1.3.0] AndroidManifest.xml:30:17-75
74                android:value="androidx.startup" />
74-->[androidx.emoji2:emoji2:1.3.0] AndroidManifest.xml:31:17-49
75            <meta-data
75-->[androidx.lifecycle:lifecycle-process:2.6.2] AndroidManifest.xml:29:13-31:52
76                android:name="androidx.lifecycle.ProcessLifecycleInitializer"
76-->[androidx.lifecycle:lifecycle-process:2.6.2] AndroidManifest.xml:30:17-78
77                android:value="androidx.startup" />
77-->[androidx.lifecycle:lifecycle-process:2.6.2] AndroidManifest.xml:31:17-49
78            <meta-data
78-->[androidx.profileinstaller:profileinstaller:1.4.0] AndroidManifest.xml:29:13-31:52
79                android:name="androidx.profileinstaller.ProfileInstallerInitializer"
79-->[androidx.profileinstaller:profileinstaller:1.4.0] AndroidManifest.xml:30:17-85
80                android:value="androidx.startup" />
80-->[androidx.profileinstaller:profileinstaller:1.4.0] AndroidManifest.xml:31:17-49
81        </provider>
82
83        <meta-data
83-->[com.google.android.gms:play-services-basement:18.4.0] AndroidManifest.xml:6:9-122
84            android:name="com.google.android.gms.version"
84-->[com.google.android.gms:play-services-basement:18.4.0] AndroidManifest.xml:6:20-65
85            android:value="@integer/google_play_services_version" />
85-->[com.google.android.gms:play-services-basement:18.4.0] AndroidManifest.xml:6:66-119
86
87        <receiver
87-->[androidx.profileinstaller:profileinstaller:1.4.0] AndroidManifest.xml:34:9-52:20
88            android:name="androidx.profileinstaller.ProfileInstallReceiver"
88-->[androidx.profileinstaller:profileinstaller:1.4.0] AndroidManifest.xml:35:13-76
89            android:directBootAware="false"
89-->[androidx.profileinstaller:profileinstaller:1.4.0] AndroidManifest.xml:36:13-44
90            android:enabled="true"
90-->[androidx.profileinstaller:profileinstaller:1.4.0] AndroidManifest.xml:37:13-35
91            android:exported="true"
91-->[androidx.profileinstaller:profileinstaller:1.4.0] AndroidManifest.xml:38:13-36
92            android:permission="android.permission.DUMP" >
92-->[androidx.profileinstaller:profileinstaller:1.4.0] AndroidManifest.xml:39:13-57
93            <intent-filter>
93-->[androidx.profileinstaller:profileinstaller:1.4.0] AndroidManifest.xml:40:13-42:29
94                <action android:name="androidx.profileinstaller.action.INSTALL_PROFILE" />
94-->[androidx.profileinstaller:profileinstaller:1.4.0] AndroidManifest.xml:41:17-91
94-->[androidx.profileinstaller:profileinstaller:1.4.0] AndroidManifest.xml:41:25-88
95            </intent-filter>
96            <intent-filter>
96-->[androidx.profileinstaller:profileinstaller:1.4.0] AndroidManifest.xml:43:13-45:29
97                <action android:name="androidx.profileinstaller.action.SKIP_FILE" />
97-->[androidx.profileinstaller:profileinstaller:1.4.0] AndroidManifest.xml:44:17-85
97-->[androidx.profileinstaller:profileinstaller:1.4.0] AndroidManifest.xml:44:25-82
98            </intent-filter>
99            <intent-filter>
99-->[androidx.profileinstaller:profileinstaller:1.4.0] AndroidManifest.xml:46:13-48:29
100                <action android:name="androidx.profileinstaller.action.SAVE_PROFILE" />
100-->[androidx.profileinstaller:profileinstaller:1.4.0] AndroidManifest.xml:47:17-88
100-->[androidx.profileinstaller:profileinstaller:1.4.0] AndroidManifest.xml:47:25-85
101            </intent-filter>
102            <intent-filter>
102-->[androidx.profileinstaller:profileinstaller:1.4.0] AndroidManifest.xml:49:13-51:29
103                <action android:name="androidx.profileinstaller.action.BENCHMARK_OPERATION" />
103-->[androidx.profileinstaller:profileinstaller:1.4.0] AndroidManifest.xml:50:17-95
103-->[androidx.profileinstaller:profileinstaller:1.4.0] AndroidManifest.xml:50:25-92
104            </intent-filter>
105        </receiver>
106    </application>
107
108</manifest>